# JRE version: Java(TM) SE Runtime Environment (8.0_151-b12) (build 1.8.0_151-b12)
# Java VM: Java HotSpot(TM) Client VM (25.151-b12 mixed mode windows-x86 )
Heap:
 def new generation   total 19520K, used 10882K [0x04800000, 0x05d20000, 0x09d50000)
  eden space 17408K,  59% used [0x04800000, 0x0520fad0, 0x05900000)
  from space 2112K,  27% used [0x05900000, 0x05990e10, 0x05b10000)
  to   space 2112K,   0% used [0x05b10000, 0x05b10000, 0x05d20000)
 tenured generation   total 43136K, used 36373K [0x09d50000, 0x0c770000, 0x14800000)
   the space 43136K,  84% used [0x09d50000, 0x0c0d5690, 0x0c0d5800, 0x0c770000)
 Metaspace       used 7745K, capacity 8008K, committed 8064K, reserved 8576K
GC Heap History (10 events):
Event: 50.265 GC heap before
{Heap before GC invocations=40 (full 2):
 def new generation   total 19520K, used 18095K [0x04800000, 0x05d20000, 0x09d50000)
  eden space 17408K, 100% used [0x04800000, 0x05900000, 0x05900000)
  from space 2112K,  32% used [0x05b10000, 0x05bbbd88, 0x05d20000)
  to   space 2112K,   0% used [0x05900000, 0x05900000, 0x05b10000)
 tenured generation   total 43136K, used 36372K [0x09d50000, 0x0c770000, 0x14800000)
   the space 43136K,  84% used [0x09d50000, 0x0c0d5048, 0x0c0d5200, 0x0c770000)
 Metaspace       used 7745K, capacity 8008K, committed 8064K, reserved 8576K
Event: 50.266 GC heap after
Heap after GC invocations=41 (full 2):
 def new generation   total 19520K, used 1049K [0x04800000, 0x05d20000, 0x09d50000)
  eden space 17408K,   0% used [0x04800000, 0x04800000, 0x05900000)
  from space 2112K,  49% used [0x05900000, 0x05a06558, 0x05b10000)
  to   space 2112K,   0% used [0x05b10000, 0x05b10000, 0x05d20000)
 tenured generation   total 43136K, used 36372K [0x09d50000, 0x0c770000, 0x14800000)
   the space 43136K,  84% used [0x09d50000, 0x0c0d53c0, 0x0c0d5400, 0x0c770000)
 Metaspace       used 7745K, capacity 8008K, committed 8064K, reserved 8576K
}
Event: 52.660 GC heap before
{Heap before GC invocations=41 (full 2):
 def new generation   total 19520K, used 18457K [0x04800000, 0x05d20000, 0x09d50000)
  eden space 17408K, 100% used [0x04800000, 0x05900000, 0x05900000)
  from space 2112K,  49% used [0x05900000, 0x05a06558, 0x05b10000)
  to   space 2112K,   0% used [0x05b10000, 0x05b10000, 0x05d20000)
 tenured generation   total 43136K, used 36372K [0x09d50000, 0x0c770000, 0x14800000)
   the space 43136K,  84% used [0x09d50000, 0x0c0d53c0, 0x0c0d5400, 0x0c770000)
 Metaspace       used 7745K, capacity 8008K, committed 8064K, reserved 8576K
Event: 52.662 GC heap after
Heap after GC invocations=42 (full 2):
 def new generation   total 19520K, used 1055K [0x04800000, 0x05d20000, 0x09d50000)
  eden space 17408K,   0% used [0x04800000, 0x04800000, 0x05900000)
  from space 2112K,  49% used [0x05b10000, 0x05c17cc0, 0x05d20000)
  to   space 2112K,   0% used [0x05900000, 0x05900000, 0x05b10000)
 tenured generation   total 43136K, used 36372K [0x09d50000, 0x0c770000, 0x14800000)
   the space 43136K,  84% used [0x09d50000, 0x0c0d53d8, 0x0c0d5400, 0x0c770000)
 Metaspace       used 7745K, capacity 8008K, committed 8064K, reserved 8576K
}
Event: 55.064 GC heap before
{Heap before GC invocations=42 (full 2):
 def new generation   total 19520K, used 18463K [0x04800000, 0x05d20000, 0x09d50000)
  eden space 17408K, 100% used [0x04800000, 0x05900000, 0x05900000)
  from space 2112K,  49% used [0x05b10000, 0x05c17cc0, 0x05d20000)
  to   space 2112K,   0% used [0x05900000, 0x05900000, 0x05b10000)
 tenured generation   total 43136K, used 36372K [0x09d50000, 0x0c770000, 0x14800000)
   the space 43136K,  84% used [0x09d50000, 0x0c0d53d8, 0x0c0d5400, 0x0c770000)
 Metaspace       used 7745K, capacity 8008K, committed 8064K, reserved 8576K
Event: 55.065 GC heap after
Heap after GC invocations=43 (full 2):
 def new generation   total 19520K, used 402K [0x04800000, 0x05d20000, 0x09d50000)
  eden space 17408K,   0% used [0x04800000, 0x04800000, 0x05900000)
  from space 2112K,  19% used [0x05900000, 0x05964a48, 0x05b10000)
  to   space 2112K,   0% used [0x05b10000, 0x05b10000, 0x05d20000)
 tenured generation   total 43136K, used 36373K [0x09d50000, 0x0c770000, 0x14800000)
   the space 43136K,  84% used [0x09d50000, 0x0c0d5690, 0x0c0d5800, 0x0c770000)
 Metaspace       used 7745K, capacity 8008K, committed 8064K, reserved 8576K
}
Event: 57.420 GC heap before
{Heap before GC invocations=43 (full 2):
 def new generation   total 19520K, used 17810K [0x04800000, 0x05d20000, 0x09d50000)
  eden space 17408K, 100% used [0x04800000, 0x05900000, 0x05900000)
  from space 2112K,  19% used [0x05900000, 0x05964a48, 0x05b10000)
  to   space 2112K,   0% used [0x05b10000, 0x05b10000, 0x05d20000)
 tenured generation   total 43136K, used 36373K [0x09d50000, 0x0c770000, 0x14800000)
   the space 43136K,  84% used [0x09d50000, 0x0c0d5690, 0x0c0d5800, 0x0c770000)
 Metaspace       used 7745K, capacity 8008K, committed 8064K, reserved 8576K
Event: 57.421 GC heap after
Heap after GC invocations=44 (full 2):
 def new generation   total 19520K, used 575K [0x04800000, 0x05d20000, 0x09d50000)
  eden space 17408K,   0% used [0x04800000, 0x04800000, 0x05900000)
  from space 2112K,  27% used [0x05b10000, 0x05b9fd08, 0x05d20000)
  to   space 2112K,   0% used [0x05900000, 0x05900000, 0x05b10000)
 tenured generation   total 43136K, used 36373K [0x09d50000, 0x0c770000, 0x14800000)
   the space 43136K,  84% used [0x09d50000, 0x0c0d5690, 0x0c0d5800, 0x0c770000)
 Metaspace       used 7745K, capacity 8008K, committed 8064K, reserved 8576K
}
Event: 59.813 GC heap before
{Heap before GC invocations=44 (full 2):
 def new generation   total 19520K, used 17983K [0x04800000, 0x05d20000, 0x09d50000)
  eden space 17408K, 100% used [0x04800000, 0x05900000, 0x05900000)
  from space 2112K,  27% used [0x05b10000, 0x05b9fd08, 0x05d20000)
  to   space 2112K,   0% used [0x05900000, 0x05900000, 0x05b10000)
 tenured generation   total 43136K, used 36373K [0x09d50000, 0x0c770000, 0x14800000)
   the space 43136K,  84% used [0x09d50000, 0x0c0d5690, 0x0c0d5800, 0x0c770000)
 Metaspace       used 7745K, capacity 8008K, committed 8064K, reserved 8576K
Event: 59.814 GC heap after
Heap after GC invocations=45 (full 2):
 def new generation   total 19520K, used 579K [0x04800000, 0x05d20000, 0x09d50000)
  eden space 17408K,   0% used [0x04800000, 0x04800000, 0x05900000)
  from space 2112K,  27% used [0x05900000, 0x05990e10, 0x05b10000)
  to   space 2112K,   0% used [0x05b10000, 0x05b10000, 0x05d20000)
 tenured generation   total 43136K, used 36373K [0x09d50000, 0x0c770000, 0x14800000)
   the space 43136K,  84% used [0x09d50000, 0x0c0d5690, 0x0c0d5800, 0x0c770000)
 Metaspace       used 7745K, capacity 8008K, committed 8064K, reserved 8576K
}

